<?xml version="1.0" encoding="UTF-8"?>
<testsuite name="com.restful.booker.cucumber.CucumberRunner" time="1.199" tests="27" errors="0" skipped="0" failures="0">
  <properties>
[...]
</properties>
  <testcase name="When I create a new booking with firstName&quot;Kajal&quot;, lastName&quot;Patel&quot;, totalprice &quot;200&quot;, depositpaid &quot;true&quot;, checkin &quot;2023-11-01&quot;, checkout&quot;2023-11-05&quot; additionalneeds &quot;Lunch&quot;" classname="| Kajal | Patel | 200 | true | 2023-11-01 | 2023-11-05 | Lunch |" time="0.002"/>
  <testcase name="Then I verify that new booking is created" classname="| Kajal | Patel | 200 | true | 2023-11-01 | 2023-11-05 | Lunch |" time="0.002"/>
  <testcase name="And I update request with firstName&quot;Kajal&quot;, lastName&quot;Patel&quot;, totalprice &quot;200&quot;, depositpaid &quot;true&quot;, checkin &quot;2023-11-01&quot;, checkout&quot;2023-11-05&quot; additionalneeds &quot;Lunch&quot;" classname="| Kajal | Patel | 200 | true | 2023-11-01 | 2023-11-05 | Lunch |" time="0"/>
  <testcase name="And The price &quot;200&quot; is successfully updated" classname="| Kajal | Patel | 200 | true | 2023-11-01 | 2023-11-05 | Lunch |" time="0"/>
  <testcase name="And I send delete booking request" classname="| Kajal | Patel | 200 | true | 2023-11-01 | 2023-11-05 | Lunch |" time="0"/>
  <testcase name="Then The booking is successfully deleted" classname="| Kajal | Patel | 200 | true | 2023-11-01 | 2023-11-05 | Lunch |" time="0"/>
  <testcase name="| Kajal | Patel | 200 | true | 2023-11-01 | 2023-11-05 | Lunch |" classname="| Kajal | Patel | 200 | true | 2023-11-01 | 2023-11-05 | Lunch |" time="0.006"/>
  <testcase name="When I create a new booking with firstName&quot;Jiyal&quot;, lastName&quot;Patel&quot;, totalprice &quot;100&quot;, depositpaid &quot;false&quot;, checkin &quot;2023-10-11&quot;, checkout&quot;2023-10-21&quot; additionalneeds &quot;Dinner&quot;" classname="| Jiyal | Patel | 100 | false | 2023-10-11 | 2023-10-21 | Dinner |" time="0"/>
  <testcase name="Then I verify that new booking is created" classname="| Jiyal | Patel | 100 | false | 2023-10-11 | 2023-10-21 | Dinner |" time="0"/>
  <testcase name="And I update request with firstName&quot;Jiyal&quot;, lastName&quot;Patel&quot;, totalprice &quot;100&quot;, depositpaid &quot;false&quot;, checkin &quot;2023-10-11&quot;, checkout&quot;2023-10-21&quot; additionalneeds &quot;Dinner&quot;" classname="| Jiyal | Patel | 100 | false | 2023-10-11 | 2023-10-21 | Dinner |" time="0"/>
  <testcase name="And The price &quot;100&quot; is successfully updated" classname="| Jiyal | Patel | 100 | false | 2023-10-11 | 2023-10-21 | Dinner |" time="0"/>
  <testcase name="And I send delete booking request" classname="| Jiyal | Patel | 100 | false | 2023-10-11 | 2023-10-21 | Dinner |" time="0"/>
  <testcase name="Then The booking is successfully deleted" classname="| Jiyal | Patel | 100 | false | 2023-10-11 | 2023-10-21 | Dinner |" time="0"/>
  <testcase name="| Jiyal | Patel | 100 | false | 2023-10-11 | 2023-10-21 | Dinner |" classname="| Jiyal | Patel | 100 | false | 2023-10-11 | 2023-10-21 | Dinner |" time="0.978"/>
  <testcase name="When I send a GET request" classname="Scenario: Verify if user can access the booking" time="0"/>
  <testcase name="Then I must get a valid response code 200" classname="Scenario: Verify if user can access the booking" time="0"/>
  <testcase name="Scenario: Verify if user can access the booking" classname="Scenario: Verify if user can access the booking" time="0"/>
  <testcase name="When I send a request to create a new booking with firstName&quot;Kajal&quot;, lastName&quot;Kajal&quot;, totalprice &quot;100&quot;, depositpaid &quot;true&quot;, checkin &quot;2023-11-01&quot;, checkout&quot;2023-11-05&quot; additionalneeds &quot;Breakfast and Lunch&quot;" classname="| Kajal | Kajal | 100 | true | 2023-11-01 | 2023-11-05 | Breakfast and Lunch |" time="0"/>
  <testcase name="Then I must get back a valid response code 201" classname="| Kajal | Kajal | 100 | true | 2023-11-01 | 2023-11-05 | Breakfast and Lunch |" time="0.001"/>
  <testcase name="And I verify that new booking is created by &quot;id&quot;" classname="| Kajal | Kajal | 100 | true | 2023-11-01 | 2023-11-05 | Breakfast and Lunch |" time="0"/>
  <testcase name="| Kajal | Kajal | 100 | true | 2023-11-01 | 2023-11-05 | Breakfast and Lunch |" classname="| Kajal | Kajal | 100 | true | 2023-11-01 | 2023-11-05 | Breakfast and Lunch |" time="0.088"/>
  <testcase name="When I update a request with firstName&quot;&lt;firstName&gt;&quot;, lastName&quot;&lt;lastName&gt;&quot;, totalprice &quot;&lt;totalprice&gt;&quot;, depositpaid &quot;&lt;depositpaid&gt;&quot;, checkin &quot;&lt;checkin&gt;&quot;, checkout&quot;&lt;checkout&gt;&quot; additionalneeds &quot;&lt;additionalneeds&gt;&quot;" classname="Scenario: Verify if user can update a booking" time="0"/>
  <testcase name="Then I must get a valid response code 200" classname="Scenario: Verify if user can update a booking" time="0"/>
  <testcase name="Scenario: Verify if user can update a booking" classname="Scenario: Verify if user can update a booking" time="0.064"/>
  <testcase name="When I send delete request" classname="Scenario: Verify if user can delete an existing record" time="0"/>
  <testcase name="Then I should see the response code 201" classname="Scenario: Verify if user can delete an existing record" time="0"/>
  <testcase name="Scenario: Verify if user can delete an existing record" classname="Scenario: Verify if user can delete an existing record" time="0.058"/>
</testsuite>