<?xml version="1.0" encoding="UTF-8"?><testsuite errors="0" failures="0" name="com.restful.booker.restfulinfo.RestfulBookerWithTags" skipped="0" tests="3" time="1.6" timestamp="2023-01-10T22:47:08.155Z[Europe/London]"><testcase classname="com.restful.booker.restfulinfo.RestfulBookerWithTags" name="This test returns a valid response code 200 when GET request is used"/><testcase classname="com.restful.booker.restfulinfo.RestfulBookerWithTags" name="This method gets error code 404 when a method is used without resource"/><testcase classname="com.restful.booker.restfulinfo.RestfulBookerWithTags" name="This test provides an error code 403 when user doesn't give authentication"/></testsuite>